# JRE version: Java(TM) SE Runtime Environment (7.0_60-b15) (build 1.7.0_60-ea-b15)
# Java VM: Java HotSpot(TM) 64-Bit Server VM (24.60-b09 mixed mode windows-amd64 compressed oops)
Heap
 PSYoungGen      total 204800K, used 60167K [0x00000000e0c00000, 0x00000000ee900000, 0x0000000100000000)
  eden space 194048K, 25% used [0x00000000e0c00000,0x00000000e3c499a0,0x00000000ec980000)
  from space 10752K, 99% used [0x00000000ed780000,0x00000000ee1f82b8,0x00000000ee200000)
  to   space 14336K, 0% used [0x00000000ec980000,0x00000000ec980000,0x00000000ed780000)
 ParOldGen       total 64000K, used 15520K [0x00000000a2400000, 0x00000000a6280000, 0x00000000e0c00000)
  object space 64000K, 24% used [0x00000000a2400000,0x00000000a33280d8,0x00000000a6280000)
 PSPermGen       total 32256K, used 31785K [0x000000009d200000, 0x000000009f180000, 0x00000000a2400000)
  object space 32256K, 98% used [0x000000009d200000,0x000000009f10a558,0x000000009f180000)
GC Heap History (10 events):
Event: 2.238 GC heap before
{Heap before GC invocations=4 (full 0):
 PSYoungGen      total 28672K, used 28670K [0x00000000e0c00000, 0x00000000e4400000, 0x0000000100000000)
  eden space 25088K, 100% used [0x00000000e0c00000,0x00000000e2480000,0x00000000e2480000)
  from space 3584K, 99% used [0x00000000e2480000,0x00000000e27ffbb8,0x00000000e2800000)
  to   space 3584K, 0% used [0x00000000e4080000,0x00000000e4080000,0x00000000e4400000)
 ParOldGen       total 64000K, used 564K [0x00000000a2400000, 0x00000000a6280000, 0x00000000e0c00000)
  object space 64000K, 0% used [0x00000000a2400000,0x00000000a248d220,0x00000000a6280000)
 PSPermGen       total 21504K, used 11624K [0x000000009d200000, 0x000000009e700000, 0x00000000a2400000)
  object space 21504K, 54% used [0x000000009d200000,0x000000009dd5a1b0,0x000000009e700000)
Event: 2.246 GC heap after
Heap after GC invocations=4 (full 0):
 PSYoungGen      total 53760K, used 3552K [0x00000000e0c00000, 0x00000000e4400000, 0x0000000100000000)
  eden space 50176K, 0% used [0x00000000e0c00000,0x00000000e0c00000,0x00000000e3d00000)
  from space 3584K, 99% used [0x00000000e4080000,0x00000000e43f8060,0x00000000e4400000)
  to   space 3584K, 0% used [0x00000000e3d00000,0x00000000e3d00000,0x00000000e4080000)
 ParOldGen       total 64000K, used 829K [0x00000000a2400000, 0x00000000a6280000, 0x00000000e0c00000)
  object space 64000K, 1% used [0x00000000a2400000,0x00000000a24cf5b8,0x00000000a6280000)
 PSPermGen       total 21504K, used 11624K [0x000000009d200000, 0x000000009e700000, 0x00000000a2400000)
  object space 21504K, 54% used [0x000000009d200000,0x000000009dd5a1b0,0x000000009e700000)
}
Event: 3.120 GC heap before
{Heap before GC invocations=5 (full 0):
 PSYoungGen      total 53760K, used 53728K [0x00000000e0c00000, 0x00000000e4400000, 0x0000000100000000)
  eden space 50176K, 100% used [0x00000000e0c00000,0x00000000e3d00000,0x00000000e3d00000)
  from space 3584K, 99% used [0x00000000e4080000,0x00000000e43f8060,0x00000000e4400000)
  to   space 3584K, 0% used [0x00000000e3d00000,0x00000000e3d00000,0x00000000e4080000)
 ParOldGen       total 64000K, used 829K [0x00000000a2400000, 0x00000000a6280000, 0x00000000e0c00000)
  object space 64000K, 1% used [0x00000000a2400000,0x00000000a24cf5b8,0x00000000a6280000)
 PSPermGen       total 21504K, used 12798K [0x000000009d200000, 0x000000009e700000, 0x00000000a2400000)
  object space 21504K, 59% used [0x000000009d200000,0x000000009de7fa00,0x000000009e700000)
Event: 3.128 GC heap after
Heap after GC invocations=5 (full 0):
 PSYoungGen      total 53760K, used 3555K [0x00000000e0c00000, 0x00000000e7700000, 0x0000000100000000)
  eden space 50176K, 0% used [0x00000000e0c00000,0x00000000e0c00000,0x00000000e3d00000)
  from space 3584K, 99% used [0x00000000e3d00000,0x00000000e4078ca8,0x00000000e4080000)
  to   space 4608K, 0% used [0x00000000e7280000,0x00000000e7280000,0x00000000e7700000)
 ParOldGen       total 64000K, used 1651K [0x00000000a2400000, 0x00000000a6280000, 0x00000000e0c00000)
  object space 64000K, 2% used [0x00000000a2400000,0x00000000a259cc18,0x00000000a6280000)
 PSPermGen       total 21504K, used 12798K [0x000000009d200000, 0x000000009e700000, 0x00000000a2400000)
  object space 21504K, 59% used [0x000000009d200000,0x000000009de7fa00,0x000000009e700000)
}
Event: 4.064 GC heap before
{Heap before GC invocations=6 (full 0):
 PSYoungGen      total 53760K, used 53731K [0x00000000e0c00000, 0x00000000e7700000, 0x0000000100000000)
  eden space 50176K, 100% used [0x00000000e0c00000,0x00000000e3d00000,0x00000000e3d00000)
  from space 3584K, 99% used [0x00000000e3d00000,0x00000000e4078ca8,0x00000000e4080000)
  to   space 4608K, 0% used [0x00000000e7280000,0x00000000e7280000,0x00000000e7700000)
 ParOldGen       total 64000K, used 1651K [0x00000000a2400000, 0x00000000a6280000, 0x00000000e0c00000)
  object space 64000K, 2% used [0x00000000a2400000,0x00000000a259cc18,0x00000000a6280000)
 PSPermGen       total 21504K, used 15967K [0x000000009d200000, 0x000000009e700000, 0x00000000a2400000)
  object space 21504K, 74% used [0x000000009d200000,0x000000009e197d38,0x000000009e700000)
Event: 4.084 GC heap after
Heap after GC invocations=6 (full 0):
 PSYoungGen      total 103424K, used 4606K [0x00000000e0c00000, 0x00000000e7a00000, 0x0000000100000000)
  eden space 98816K, 0% used [0x00000000e0c00000,0x00000000e0c00000,0x00000000e6c80000)
  from space 4608K, 99% used [0x00000000e7280000,0x00000000e76ffad8,0x00000000e7700000)
  to   space 6144K, 0% used [0x00000000e6c80000,0x00000000e6c80000,0x00000000e7280000)
 ParOldGen       total 64000K, used 3405K [0x00000000a2400000, 0x00000000a6280000, 0x00000000e0c00000)
  object space 64000K, 5% used [0x00000000a2400000,0x00000000a27536d8,0x00000000a6280000)
 PSPermGen       total 21504K, used 15967K [0x000000009d200000, 0x000000009e700000, 0x00000000a2400000)
  object space 21504K, 74% used [0x000000009d200000,0x000000009e197d38,0x000000009e700000)
}
Event: 5.991 GC heap before
{Heap before GC invocations=7 (full 0):
 PSYoungGen      total 103424K, used 103422K [0x00000000e0c00000, 0x00000000e7a00000, 0x0000000100000000)
  eden space 98816K, 100% used [0x00000000e0c00000,0x00000000e6c80000,0x00000000e6c80000)
  from space 4608K, 99% used [0x00000000e7280000,0x00000000e76ffad8,0x00000000e7700000)
  to   space 6144K, 0% used [0x00000000e6c80000,0x00000000e6c80000,0x00000000e7280000)
 ParOldGen       total 64000K, used 3405K [0x00000000a2400000, 0x00000000a6280000, 0x00000000e0c00000)
  object space 64000K, 5% used [0x00000000a2400000,0x00000000a27536d8,0x00000000a6280000)
 PSPermGen       total 23552K, used 23388K [0x000000009d200000, 0x000000009e900000, 0x00000000a2400000)
  object space 23552K, 99% used [0x000000009d200000,0x000000009e8d7008,0x000000009e900000)
Event: 6.034 GC heap after
Heap after GC invocations=7 (full 0):
 PSYoungGen      total 104960K, used 6135K [0x00000000e0c00000, 0x00000000ee200000, 0x0000000100000000)
  eden space 98816K, 0% used [0x00000000e0c00000,0x00000000e0c00000,0x00000000e6c80000)
  from space 6144K, 99% used [0x00000000e6c80000,0x00000000e727df10,0x00000000e7280000)
  to   space 10752K, 0% used [0x00000000ed780000,0x00000000ed780000,0x00000000ee200000)
 ParOldGen       total 64000K, used 11074K [0x00000000a2400000, 0x00000000a6280000, 0x00000000e0c00000)
  object space 64000K, 17% used [0x00000000a2400000,0x00000000a2ed09f8,0x00000000a6280000)
 PSPermGen       total 23552K, used 23388K [0x000000009d200000, 0x000000009e900000, 0x00000000a2400000)
  object space 23552K, 99% used [0x000000009d200000,0x000000009e8d7008,0x000000009e900000)
}
Event: 8.191 GC heap before
{Heap before GC invocations=8 (full 0):
 PSYoungGen      total 104960K, used 104951K [0x00000000e0c00000, 0x00000000ee200000, 0x0000000100000000)
  eden space 98816K, 100% used [0x00000000e0c00000,0x00000000e6c80000,0x00000000e6c80000)
  from space 6144K, 99% used [0x00000000e6c80000,0x00000000e727df10,0x00000000e7280000)
  to   space 10752K, 0% used [0x00000000ed780000,0x00000000ed780000,0x00000000ee200000)
 ParOldGen       total 64000K, used 11074K [0x00000000a2400000, 0x00000000a6280000, 0x00000000e0c00000)
  object space 64000K, 17% used [0x00000000a2400000,0x00000000a2ed09f8,0x00000000a6280000)
 PSPermGen       total 29696K, used 29283K [0x000000009d200000, 0x000000009ef00000, 0x00000000a2400000)
  object space 29696K, 98% used [0x000000009d200000,0x000000009ee98f18,0x000000009ef00000)
Event: 8.234 GC heap after
Heap after GC invocations=8 (full 0):
 PSYoungGen      total 204800K, used 10720K [0x00000000e0c00000, 0x00000000ee900000, 0x0000000100000000)
  eden space 194048K, 0% used [0x00000000e0c00000,0x00000000e0c00000,0x00000000ec980000)
  from space 10752K, 99% used [0x00000000ed780000,0x00000000ee1f82b8,0x00000000ee200000)
  to   space 14336K, 0% used [0x00000000ec980000,0x00000000ec980000,0x00000000ed780000)
 ParOldGen       total 64000K, used 15520K [0x00000000a2400000, 0x00000000a6280000, 0x00000000e0c00000)
  object space 64000K, 24% used [0x00000000a2400000,0x00000000a33280d8,0x00000000a6280000)
 PSPermGen       total 29696K, used 29283K [0x000000009d200000, 0x000000009ef00000, 0x00000000a2400000)
  object space 29696K, 98% used [0x000000009d200000,0x000000009ee98f18,0x000000009ef00000)
}

